[INFO] Scanning for projects...
[INFO] 
[INFO] -------------------< id.aderayendra:eureka-service >--------------------
[INFO] Building eureka-service 0.0.1-SNAPSHOT
[INFO]   from pom.xml
[INFO] --------------------------------[ jar ]---------------------------------
[INFO] 
[INFO] >>> spring-boot:4.0.3:run (default-cli) > test-compile @ eureka-service >>>
[INFO] 
[INFO] --- resources:3.3.1:resources (default-resources) @ eureka-service ---
[INFO] Copying 1 resource from src/main/resources to target/classes
[INFO] Copying 0 resource from src/main/resources to target/classes
[INFO] 
[INFO] --- compiler:3.14.1:compile (default-compile) @ eureka-service ---
[INFO] Nothing to compile - all classes are up to date.
[INFO] 
[INFO] --- resources:3.3.1:testResources (default-testResources) @ eureka-service ---
[INFO] skip non existing resourceDirectory /home/aderayendra/projects/abl/eureka-service-abl/src/test/resources
[INFO] 
[INFO] --- compiler:3.14.1:testCompile (default-testCompile) @ eureka-service ---
[INFO] Nothing to compile - all classes are up to date.
[INFO] 
[INFO] <<< spring-boot:4.0.3:run (default-cli) < test-compile @ eureka-service <<<
[INFO] 
[INFO] 
[INFO] --- spring-boot:4.0.3:run (default-cli) @ eureka-service ---
[INFO] Attaching agents: []

  .   ____          _            __ _ _
 /\\ / ___'_ __ _ _(_)_ __  __ _ \ \ \ \
( ( )\___ | '_ | '_| | '_ \/ _` | \ \ \ \
 \\/  ___)| |_)| | | | | || (_| |  ) ) ) )
  '  |____| .__|_| |_|_| |_\__, | / / / /
 =========|_|==============|___/=/_/_/_/

 :: Spring Boot ::                (v4.0.3)

2026-04-08T15:24:20.361+07:00  INFO 17476 --- [eureka-service] [           main] i.a.eureka.EurekaServiceApplication      : Starting EurekaServiceApplication using Java 21.0.10 with PID 17476 (/home/aderayendra/projects/abl/eureka-service-abl/target/classes started by aderayendra in /home/aderayendra/projects/abl/eureka-service-abl)
2026-04-08T15:24:20.365+07:00  INFO 17476 --- [eureka-service] [           main] i.a.eureka.EurekaServiceApplication      : No active profile set, falling back to 1 default profile: "default"
2026-04-08T15:24:21.076+07:00  INFO 17476 --- [eureka-service] [           main] o.s.cloud.context.scope.GenericScope     : BeanFactory id=363f9011-988b-3831-bec0-512bc1b63581
2026-04-08T15:24:21.277+07:00  INFO 17476 --- [eureka-service] [           main] o.s.boot.tomcat.TomcatWebServer          : Tomcat initialized with port 8761 (http)
2026-04-08T15:24:21.289+07:00  INFO 17476 --- [eureka-service] [           main] o.apache.catalina.core.StandardService   : Starting service [Tomcat]
2026-04-08T15:24:21.289+07:00  INFO 17476 --- [eureka-service] [           main] o.apache.catalina.core.StandardEngine    : Starting Servlet engine: [Apache Tomcat/11.0.18]
2026-04-08T15:24:21.340+07:00  INFO 17476 --- [eureka-service] [           main] b.w.c.s.WebApplicationContextInitializer : Root WebApplicationContext: initialization completed in 928 ms
2026-04-08T15:24:22.245+07:00  INFO 17476 --- [eureka-service] [           main] o.s.v.b.OptionalValidatorFactoryBean     : Failed to set up a Bean Validation provider: jakarta.validation.NoProviderFoundException: Unable to create a Configuration, because no Jakarta Validation provider could be found. Add a provider like Hibernate Validator (RI) to your classpath.
2026-04-08T15:24:22.861+07:00  WARN 17476 --- [eureka-service] [           main] iguration$LoadBalancerCaffeineWarnLogger : Spring Cloud LoadBalancer is currently working with the default cache. While this cache implementation is useful for development and tests, it's recommended to use Caffeine cache in production.You can switch to using Caffeine cache, by adding it and org.springframework.cache.caffeine.CaffeineCacheManager to the classpath.
2026-04-08T15:24:22.873+07:00  INFO 17476 --- [eureka-service] [           main] o.s.c.n.eureka.InstanceInfoFactory       : Setting initial instance status as: STARTING
2026-04-08T15:24:23.026+07:00  INFO 17476 --- [eureka-service] [           main] o.s.b.a.e.web.EndpointLinksResolver      : Exposing 1 endpoint beneath base path '/actuator'
2026-04-08T15:24:23.060+07:00  INFO 17476 --- [eureka-service] [           main] o.s.c.n.e.s.EurekaServiceRegistry        : Registering application EUREKA-SERVICE with eureka with status UP
2026-04-08T15:24:23.068+07:00  INFO 17476 --- [eureka-service] [       Thread-9] o.s.c.n.e.server.EurekaServerBootstrap   : isAws returned false
2026-04-08T15:24:23.069+07:00  INFO 17476 --- [eureka-service] [       Thread-9] o.s.c.n.e.server.EurekaServerBootstrap   : Initialized server context
2026-04-08T15:24:23.071+07:00  INFO 17476 --- [eureka-service] [       Thread-9] e.s.EurekaServerInitializerConfiguration : Started Eureka Server
2026-04-08T15:24:23.075+07:00  INFO 17476 --- [eureka-service] [           main] o.s.boot.tomcat.TomcatWebServer          : Tomcat started on port 8761 (http) with context path '/'
2026-04-08T15:24:23.076+07:00  INFO 17476 --- [eureka-service] [           main] .s.c.n.e.s.EurekaAutoServiceRegistration : Updating port to 8761
2026-04-08T15:24:23.092+07:00  INFO 17476 --- [eureka-service] [           main] i.a.eureka.EurekaServiceApplication      : Started EurekaServiceApplication in 3.288 seconds (process running for 3.75)
2026-04-08T15:24:51.040+07:00  INFO 17476 --- [eureka-service] [nio-8761-exec-1] o.a.c.c.C.[Tomcat].[localhost].[/]       : Initializing Spring DispatcherServlet 'dispatcherServlet'
2026-04-08T15:24:51.041+07:00  INFO 17476 --- [eureka-service] [nio-8761-exec-1] o.s.web.servlet.DispatcherServlet        : Initializing Servlet 'dispatcherServlet'
2026-04-08T15:24:51.042+07:00  INFO 17476 --- [eureka-service] [nio-8761-exec-1] o.s.web.servlet.DispatcherServlet        : Completed initialization in 1 ms
2026-04-08T15:25:43.317+07:00  INFO 17476 --- [eureka-service] [ionShutdownHook] o.s.c.n.e.s.EurekaServiceRegistry        : Unregistering application EUREKA-SERVICE with eureka with status DOWN
2026-04-08T15:25:43.320+07:00  INFO 17476 --- [eureka-service] [ionShutdownHook] o.s.boot.tomcat.GracefulShutdown         : Commencing graceful shutdown. Waiting for active requests to complete
2026-04-08T15:25:43.323+07:00  INFO 17476 --- [eureka-service] [tomcat-shutdown] o.s.boot.tomcat.GracefulShutdown         : Graceful shutdown complete
2026-04-08T15:25:43.326+07:00  INFO 17476 --- [eureka-service] [ionShutdownHook] o.s.c.n.e.server.EurekaServerBootstrap   : Shutting down Eureka Server..
2026-04-08T15:25:43.332+07:00  INFO 17476 --- [eureka-service] [ionShutdownHook] o.s.c.n.e.server.EurekaServerBootstrap   : Eureka Service is now shutdown...
[INFO] ------------------------------------------------------------------------
[INFO] BUILD SUCCESS
[INFO] ------------------------------------------------------------------------
[INFO] Total time:  01:25 min
[INFO] Finished at: 2026-04-08T15:25:43+07:00
[INFO] ------------------------------------------------------------------------
